External-Tutorial-Todo-MVP-Dagger2/build/intermediates/manifest_merge_blame_file/mockDebug/manifest-merger-blame-mock-debug-report.txt
1<?xml version="1.0" encoding="utf-8"?>
2<!--
3  ~ Copyright (C) 2015 The Android Open Source Project
4  ~
5  ~ Licensed under the Apache License, Version 2.0 (the "License");
6  ~ you may not use this file except in compliance with the License.
7  ~ You may obtain a copy of the License at
8  ~
9  ~      http://www.apache.org/licenses/LICENSE-2.0
10  ~
11  ~ Unless required by applicable law or agreed to in writing, software
12  ~ distributed under the License is distributed on an "AS IS" BASIS,
13  ~ WITHOUT WARRANTIES OR CONDITIONS OF ANY KIND, either express or implied.
14  ~ See the License for the specific language governing permissions and
15  ~ limitations under the License.
16-->
17<manifest xmlns:android="http://schemas.android.com/apk/res/android"
18    package="com.example.android.architecture.blueprints.todomvpdagger.mock"
19    android:versionCode="1"
20    android:versionName="1.0" >
21
22    <uses-sdk
23        android:minSdkVersion="14"
23-->src/main/AndroidManifest.xml
24        android:targetSdkVersion="28" />
24-->src/main/AndroidManifest.xml
25
26    <application
26-->src/main/AndroidManifest.xml:22:5-48:19
27        android:name="com.example.android.architecture.blueprints.todoapp.ToDoApplication"
27-->src/main/AndroidManifest.xml:28:9-91
28        android:allowBackup="false"
28-->src/main/AndroidManifest.xml:23:9-36
29        android:appComponentFactory="androidx.core.app.CoreComponentFactory"
29-->[androidx.core:core:1.0.0] AndroidManifest.xml:22:18-86
30        android:debuggable="true"
31        android:icon="@mipmap/ic_launcher"
31-->src/main/AndroidManifest.xml:24:9-43
32        android:label="@string/app_name"
32-->src/main/AndroidManifest.xml:25:9-41
33        android:supportsRtl="true"
33-->src/main/AndroidManifest.xml:26:9-35
34        android:theme="@style/AppTheme" >
34-->src/main/AndroidManifest.xml:27:9-40
35        <activity
35-->src/main/AndroidManifest.xml:29:9-36:20
36            android:name="com.example.android.architecture.blueprints.todoapp.tasks.TasksActivity"
36-->src/main/AndroidManifest.xml:30:13-99
37            android:theme="@style/AppTheme.OverlapSystemBar" >
37-->src/main/AndroidManifest.xml:31:13-61
38            <intent-filter>
38-->src/main/AndroidManifest.xml:32:13-35:29
39                <action android:name="android.intent.action.MAIN" />
39-->src/main/AndroidManifest.xml:33:17-69
39-->src/main/AndroidManifest.xml:33:25-66
40
41                <category android:name="android.intent.category.LAUNCHER" />
41-->src/main/AndroidManifest.xml:34:17-77
41-->src/main/AndroidManifest.xml:34:27-74
42            </intent-filter>
43        </activity>
44        <activity android:name="com.example.android.architecture.blueprints.todoapp.taskdetail.TaskDetailActivity" />
44-->src/main/AndroidManifest.xml:37:9-118
44-->src/main/AndroidManifest.xml:37:19-115
45        <activity android:name="com.example.android.architecture.blueprints.todoapp.addedittask.AddEditTaskActivity" />
45-->src/main/AndroidManifest.xml:38:9-120
45-->src/main/AndroidManifest.xml:38:19-117
46        <activity
46-->src/main/AndroidManifest.xml:39:9-47:20
47            android:name="com.example.android.architecture.blueprints.todoapp.statistics.StatisticsActivity"
47-->src/main/AndroidManifest.xml:40:13-109
48            android:parentActivityName="com.example.android.architecture.blueprints.todoapp.tasks.TasksActivity" >
48-->src/main/AndroidManifest.xml:41:13-62
49
50            <!-- Parent activity meta-data to support 4.0 and lower -->
51            <meta-data
51-->src/main/AndroidManifest.xml:44:13-46:56
52                android:name="android.support.PARENT_ACTIVITY"
52-->src/main/AndroidManifest.xml:45:17-63
53                android:value=".tasks.TasksActivity" />
53-->src/main/AndroidManifest.xml:46:17-53
54        </activity>
55    </application>
56
57</manifest>